2026-07-08 15:37:11,266 | INFO     | Establishing NSE session (getting cookies)...
2026-07-08 15:37:12,610 | WARNING  | NSE homepage returned status 403, proceeding anyway...
2026-07-08 15:37:13,614 | INFO     | 
2026-07-08 15:37:13,615 | INFO     | =================================================================
2026-07-08 15:37:13,615 | INFO     |   [RUN] Date Range: 2026-07-01 to 2026-07-08
2026-07-08 15:37:13,615 | INFO     |   [INFO] 6 potential trading days
2026-07-08 15:37:13,615 | INFO     | =================================================================
2026-07-08 15:37:44,193 | INFO     |   [DONE] Date Range: 2026-07-01 to 2026-07-08: 5 new, 0 skipped, 1 holidays, 0 failed
2026-07-08 15:37:44,194 | INFO     |   [ORGANIZE] Creating expiry-cycle folders...
2026-07-08 15:37:44,335 | INFO     |   [FOLDER] FY_2026-27\2026-07-07_Expiry_0001: 4 trading days
2026-07-08 15:37:44,362 | INFO     |   [FOLDER] FY_2026-27\2026-07-14_Expiry_0002: 1 trading days
2026-07-08 15:38:30,857 | INFO     | Establishing NSE session (getting cookies)...
2026-07-08 15:38:32,513 | WARNING  | NSE homepage returned status 403, proceeding anyway...
2026-07-08 15:38:33,519 | INFO     | 
2026-07-08 15:38:33,519 | INFO     | =================================================================
2026-07-08 15:38:33,519 | INFO     |   [RUN] Date Range: 2026-07-01 to 2026-07-08
2026-07-08 15:38:33,519 | INFO     |   [INFO] 6 potential trading days
2026-07-08 15:38:33,519 | INFO     | =================================================================
2026-07-08 15:38:40,893 | INFO     |   [DONE] Date Range: 2026-07-01 to 2026-07-08: 0 new, 5 skipped, 1 holidays, 0 failed
2026-07-08 15:38:40,895 | INFO     |   [INFO] All data for Date Range: 2026-07-01 to 2026-07-08 was already downloaded previously.
2026-07-08 15:40:01,695 | INFO     | Establishing NSE session (getting cookies)...
2026-07-08 15:40:02,716 | WARNING  | NSE homepage returned status 403, proceeding anyway...
2026-07-08 15:40:03,727 | INFO     | 
2026-07-08 15:40:03,727 | INFO     | =================================================================
2026-07-08 15:40:03,727 | INFO     |   [RUN] Date Range: 2026-07-01 to 2026-07-08
2026-07-08 15:40:03,728 | INFO     |   [INFO] 6 potential trading days
2026-07-08 15:40:03,728 | INFO     | =================================================================
2026-07-08 15:40:12,581 | INFO     |   [DONE] Date Range: 2026-07-01 to 2026-07-08: 0 new, 5 skipped, 1 holidays, 0 failed
2026-07-08 15:40:12,581 | INFO     |   [INFO] All data for Date Range: 2026-07-01 to 2026-07-08 was already downloaded previously.
2026-07-08 15:48:19,092 | INFO     | Establishing NSE session (getting cookies)...
2026-07-08 15:48:20,213 | WARNING  | NSE homepage returned status 403, proceeding anyway...
2026-07-08 15:48:21,228 | INFO     | 
2026-07-08 15:48:21,228 | INFO     | =================================================================
2026-07-08 15:48:21,229 | INFO     |   [RUN] Date Range: 2026-07-01 to 2026-07-08
2026-07-08 15:48:21,229 | INFO     |   [INFO] 6 potential trading days
2026-07-08 15:48:21,229 | INFO     | =================================================================
2026-07-08 15:48:29,149 | INFO     |   [DONE] Date Range: 2026-07-01 to 2026-07-08: 0 new, 5 skipped, 1 holidays, 0 failed
2026-07-08 15:48:29,149 | INFO     |   [INFO] All data for Date Range: 2026-07-01 to 2026-07-08 was already downloaded previously.
2026-07-08 15:49:04,271 | INFO     | Establishing NSE session (getting cookies)...
2026-07-08 15:49:05,273 | WARNING  | NSE homepage returned status 403, proceeding anyway...
2026-07-08 15:49:06,294 | INFO     | 
2026-07-08 15:49:06,294 | INFO     | =================================================================
2026-07-08 15:49:06,294 | INFO     |   [RUN] Date Range: 2026-07-01 to 2026-07-08
2026-07-08 15:49:06,294 | INFO     |   [INFO] 6 potential trading days
2026-07-08 15:49:06,294 | INFO     | =================================================================
2026-07-08 15:49:35,848 | INFO     |   [DONE] Date Range: 2026-07-01 to 2026-07-08: 5 new, 0 skipped, 1 holidays, 0 failed
2026-07-08 15:49:35,848 | INFO     |   [ORGANIZE] Creating expiry-cycle folders...
2026-07-08 15:49:35,982 | INFO     |   [SAVED] 5 new option chain files in option_chain_data/
2026-07-08 16:02:24,920 | INFO     | Establishing NSE session (getting cookies)...
2026-07-08 16:02:25,874 | WARNING  | NSE homepage returned status 403, proceeding anyway...
2026-07-08 16:02:26,889 | INFO     | 
2026-07-08 16:02:26,889 | INFO     | =================================================================
2026-07-08 16:02:26,889 | INFO     |   [RUN] Date Range: 2026-07-01 to 2026-07-08
2026-07-08 16:02:26,889 | INFO     |   [INFO] 6 potential trading days
2026-07-08 16:02:26,889 | INFO     | =================================================================
2026-07-08 16:02:34,278 | INFO     |   [DONE] Date Range: 2026-07-01 to 2026-07-08: 0 new, 5 skipped, 1 holidays, 0 failed
2026-07-08 16:02:34,278 | INFO     |   [INFO] All data for Date Range: 2026-07-01 to 2026-07-08 was already downloaded previously.
2026-07-08 21:05:00,910 | INFO     | Establishing NSE session (getting cookies)...
2026-07-08 21:05:02,032 | WARNING  | NSE homepage returned status 403, proceeding anyway...
2026-07-08 21:05:03,036 | INFO     | 
2026-07-08 21:05:03,036 | INFO     | =================================================================
2026-07-08 21:05:03,036 | INFO     |   [RUN] Date Range: 2026-07-01 to 2026-07-08
2026-07-08 21:05:03,036 | INFO     |   [INFO] 6 potential trading days
2026-07-08 21:05:03,039 | INFO     | =================================================================
2026-07-08 21:05:12,699 | INFO     |   [DONE] Date Range: 2026-07-01 to 2026-07-08: 1 new, 5 skipped, 0 holidays, 0 failed
2026-07-08 21:05:12,699 | INFO     |   [ORGANIZE] Creating expiry-cycle folders...
2026-07-08 21:05:12,735 | INFO     |   [SAVED] 1 new option chain files in option_chain_data/
2026-07-08 22:24:20,943 | INFO     | Establishing NSE session (getting cookies)...
2026-07-08 22:24:22,139 | WARNING  | NSE homepage returned status 403, proceeding anyway...
2026-07-08 22:24:23,142 | INFO     | 
2026-07-08 22:24:23,142 | INFO     | =================================================================
2026-07-08 22:24:23,142 | INFO     |   [RUN] Date Range: 2026-07-01 to 2026-07-08
2026-07-08 22:24:23,143 | INFO     |   [INFO] 6 potential trading days
2026-07-08 22:24:23,143 | INFO     | =================================================================
2026-07-08 22:24:23,144 | INFO     |   [DONE] Date Range: 2026-07-01 to 2026-07-08: 0 new, 6 skipped, 0 holidays, 0 failed
2026-07-08 22:24:23,145 | INFO     |   [INFO] All data for Date Range: 2026-07-01 to 2026-07-08 was already downloaded previously.
2026-07-08 18:56:00,384 | INFO     | Establishing NSE session (getting cookies)...
2026-07-08 18:56:00,465 | WARNING  | NSE homepage returned status 403, proceeding anyway...
2026-07-08 18:56:01,467 | INFO     | 
2026-07-08 18:56:01,467 | INFO     | =================================================================
2026-07-08 18:56:01,467 | INFO     |   [RUN] Date Range: 2026-07-01 to 2026-07-08
2026-07-08 18:56:01,467 | INFO     |   [INFO] 6 potential trading days
2026-07-08 18:56:01,467 | INFO     | =================================================================
2026-07-08 18:56:01,468 | INFO     |   [DONE] Date Range: 2026-07-01 to 2026-07-08: 0 new, 6 skipped, 0 holidays, 0 failed
2026-07-08 18:56:01,468 | INFO     |   [INFO] All data for Date Range: 2026-07-01 to 2026-07-08 was already downloaded previously.
2026-07-09 14:05:44,033 | INFO     | Establishing NSE session (getting cookies)...
2026-07-09 14:05:44,111 | WARNING  | NSE homepage returned status 403, proceeding anyway...
2026-07-09 14:05:45,113 | INFO     | 
2026-07-09 14:05:45,113 | INFO     | =================================================================
2026-07-09 14:05:45,113 | INFO     |   [RUN] Date Range: 2026-07-01 to 2026-07-09
2026-07-09 14:05:45,113 | INFO     |   [INFO] 7 potential trading days
2026-07-09 14:05:45,113 | INFO     | =================================================================
2026-07-09 14:05:50,277 | INFO     |   [DONE] Date Range: 2026-07-01 to 2026-07-09: 1 new, 6 skipped, 0 holidays, 0 failed
2026-07-09 14:05:50,278 | INFO     |   [ORGANIZE] Creating expiry-cycle folders...
2026-07-09 14:05:50,289 | INFO     |   [SAVED] 1 new option chain files in option_chain_data/
2026-07-10 14:18:19,398 | INFO     | Establishing NSE session (getting cookies)...
2026-07-10 14:18:19,480 | WARNING  | NSE homepage returned status 403, proceeding anyway...
2026-07-10 14:18:20,482 | INFO     | 
2026-07-10 14:18:20,482 | INFO     | =================================================================
2026-07-10 14:18:20,482 | INFO     |   [RUN] Date Range: 2026-07-01 to 2026-07-10
2026-07-10 14:18:20,483 | INFO     |   [INFO] 8 potential trading days
2026-07-10 14:18:20,483 | INFO     | =================================================================
2026-07-10 14:18:26,318 | INFO     |   [DONE] Date Range: 2026-07-01 to 2026-07-10: 1 new, 7 skipped, 0 holidays, 0 failed
2026-07-10 14:18:26,318 | INFO     |   [ORGANIZE] Creating expiry-cycle folders...
2026-07-10 14:18:26,330 | INFO     |   [SAVED] 1 new option chain files in option_chain_data/
2026-07-10 19:10:15,474 | INFO     | Establishing NSE session (getting cookies)...
2026-07-10 19:10:15,605 | WARNING  | NSE homepage returned status 403, proceeding anyway...
2026-07-10 19:10:16,608 | INFO     | 
2026-07-10 19:10:16,608 | INFO     | =================================================================
2026-07-10 19:10:16,608 | INFO     |   [RUN] Date Range: 2026-07-01 to 2026-07-10
2026-07-10 19:10:16,608 | INFO     |   [INFO] 8 potential trading days
2026-07-10 19:10:16,608 | INFO     | =================================================================
2026-07-10 19:10:16,608 | INFO     |   [DONE] Date Range: 2026-07-01 to 2026-07-10: 0 new, 8 skipped, 0 holidays, 0 failed
2026-07-10 19:10:16,608 | INFO     |   [INFO] All data for Date Range: 2026-07-01 to 2026-07-10 was already downloaded previously.
2026-07-13 15:53:18,015 | INFO     | Establishing NSE session (getting cookies)...
2026-07-13 15:53:18,104 | WARNING  | NSE homepage returned status 403, proceeding anyway...
2026-07-13 15:53:19,107 | INFO     | 
2026-07-13 15:53:19,107 | INFO     | =================================================================
2026-07-13 15:53:19,107 | INFO     |   [RUN] Date Range: 2026-07-01 to 2026-07-13
2026-07-13 15:53:19,107 | INFO     |   [INFO] 9 potential trading days
2026-07-13 15:53:19,107 | INFO     | =================================================================
2026-07-13 15:53:26,299 | INFO     |   [DONE] Date Range: 2026-07-01 to 2026-07-13: 1 new, 8 skipped, 0 holidays, 0 failed
2026-07-13 15:53:26,299 | INFO     |   [ORGANIZE] Creating expiry-cycle folders...
2026-07-13 15:53:26,311 | INFO     |   [SAVED] 1 new option chain files in option_chain_data/
2026-07-13 19:06:35,267 | INFO     | Establishing NSE session (getting cookies)...
2026-07-13 19:06:35,366 | WARNING  | NSE homepage returned status 403, proceeding anyway...
2026-07-13 19:06:36,369 | INFO     | 
2026-07-13 19:06:36,369 | INFO     | =================================================================
2026-07-13 19:06:36,369 | INFO     |   [RUN] Date Range: 2026-07-01 to 2026-07-13
2026-07-13 19:06:36,369 | INFO     |   [INFO] 9 potential trading days
2026-07-13 19:06:36,369 | INFO     | =================================================================
2026-07-13 19:06:36,370 | INFO     |   [DONE] Date Range: 2026-07-01 to 2026-07-13: 0 new, 9 skipped, 0 holidays, 0 failed
2026-07-13 19:06:36,370 | INFO     |   [INFO] All data for Date Range: 2026-07-01 to 2026-07-13 was already downloaded previously.
2026-07-14 18:16:08,866 | INFO     | Establishing NSE session (getting cookies)...
2026-07-14 18:16:09,051 | WARNING  | NSE homepage returned status 403, proceeding anyway...
2026-07-14 18:16:10,054 | INFO     | 
2026-07-14 18:16:10,054 | INFO     | =================================================================
2026-07-14 18:16:10,054 | INFO     |   [RUN] Date Range: 2026-07-01 to 2026-07-14
2026-07-14 18:16:10,054 | INFO     |   [INFO] 10 potential trading days
2026-07-14 18:16:10,054 | INFO     | =================================================================
2026-07-14 18:16:14,599 | INFO     |   [DONE] Date Range: 2026-07-01 to 2026-07-14: 1 new, 9 skipped, 0 holidays, 0 failed
2026-07-14 18:16:14,599 | INFO     |   [ORGANIZE] Creating expiry-cycle folders...
2026-07-14 18:16:14,610 | INFO     |   [SAVED] 1 new option chain files in option_chain_data/
2026-07-15 18:19:44,152 | INFO     | Establishing NSE session (getting cookies)...
2026-07-15 18:19:44,273 | WARNING  | NSE homepage returned status 403, proceeding anyway...
2026-07-15 18:19:45,275 | INFO     | 
2026-07-15 18:19:45,276 | INFO     | =================================================================
2026-07-15 18:19:45,276 | INFO     |   [RUN] Date Range: 2026-07-01 to 2026-07-15
2026-07-15 18:19:45,276 | INFO     |   [INFO] 11 potential trading days
2026-07-15 18:19:45,276 | INFO     | =================================================================
2026-07-15 18:19:53,601 | INFO     |   [DONE] Date Range: 2026-07-01 to 2026-07-15: 1 new, 10 skipped, 0 holidays, 0 failed
2026-07-15 18:19:53,601 | INFO     |   [ORGANIZE] Creating expiry-cycle folders...
2026-07-15 18:19:53,611 | INFO     |   [SAVED] 1 new option chain files in option_chain_data/
2026-07-16 14:27:00,038 | INFO     | Establishing NSE session (getting cookies)...
2026-07-16 14:27:00,365 | WARNING  | NSE homepage returned status 403, proceeding anyway...
2026-07-16 14:27:01,368 | INFO     | 
2026-07-16 14:27:01,368 | INFO     | =================================================================
2026-07-16 14:27:01,368 | INFO     |   [RUN] Date Range: 2026-07-01 to 2026-07-16
2026-07-16 14:27:01,368 | INFO     |   [INFO] 12 potential trading days
2026-07-16 14:27:01,368 | INFO     | =================================================================
2026-07-16 14:27:09,037 | INFO     |   [DONE] Date Range: 2026-07-01 to 2026-07-16: 1 new, 11 skipped, 0 holidays, 0 failed
2026-07-16 14:27:09,037 | INFO     |   [ORGANIZE] Creating expiry-cycle folders...
2026-07-16 14:27:09,048 | INFO     |   [SAVED] 1 new option chain files in option_chain_data/
2026-07-16 18:19:44,513 | INFO     | Establishing NSE session (getting cookies)...
2026-07-16 18:19:44,603 | WARNING  | NSE homepage returned status 403, proceeding anyway...
2026-07-16 18:19:45,606 | INFO     | 
2026-07-16 18:19:45,606 | INFO     | =================================================================
2026-07-16 18:19:45,606 | INFO     |   [RUN] Date Range: 2026-07-01 to 2026-07-16
2026-07-16 18:19:45,606 | INFO     |   [INFO] 12 potential trading days
2026-07-16 18:19:45,606 | INFO     | =================================================================
2026-07-16 18:19:45,607 | INFO     |   [DONE] Date Range: 2026-07-01 to 2026-07-16: 0 new, 12 skipped, 0 holidays, 0 failed
2026-07-16 18:19:45,607 | INFO     |   [INFO] All data for Date Range: 2026-07-01 to 2026-07-16 was already downloaded previously.
